<?xml version="1.0" encoding="UTF-8"?>
<testsuite name="edu.odu.cs.cs350.TestSourceCodeFiles" tests="1" skipped="0" failures="0" errors="0" timestamp="2021-10-30T17:46:25" hostname="DESKTOP-DFVCVEV" time="0.017">
  <properties/>
  <testcase name="testAddFilePaths()" classname="edu.odu.cs.cs350.TestSourceCodeFiles" time="0.017"/>
  <system-out><![CDATA[/file1.cpp
/file1.cpp
something/file2.cpp
/file1.cpp  something/file2.cpp  
2
]]></system-out>
  <system-err><![CDATA[]]></system-err>
</testsuite>
